Flow report for msj_y_mem
Mon Nov 25 19:00:19 2019
Quartus Prime Version 18.0.0 Build 614 04/24/2018 SJ Lite Edition


---------------------
; Table of Contents ;
---------------------
  1. Legal Notice
  2. Flow Summary
  3. Flow Settings
  4. Flow Non-Default Global Settings
  5. Flow Elapsed Time
  6. Flow OS Summary
  7. Flow Log
  8. Flow Messages
  9. Flow Suppressed Messages



----------------
; Legal Notice ;
----------------
Copyright (C) 2018  Intel Corporation. All rights reserved.
Your use of Intel Corporation's design tools, logic functions 
and other software and tools, and its AMPP partner logic 
functions, and any output files from any of the foregoing 
(including device programming or simulation files), and any 
associated documentation or information are expressly subject 
to the terms and conditions of the Intel Program License 
Subscription Agreement, the Intel Quartus Prime License Agreement,
the Intel FPGA IP License Agreement, or other applicable license
agreement, including, without limitation, that your use is for
the sole purpose of programming logic devices manufactured by
Intel and sold by Intel or its authorized distributors.  Please
refer to the applicable agreement for further details.



+----------------------------------------------------------------------------------+
; Flow Summary                                                                     ;
+------------------------------------+---------------------------------------------+
; Flow Status                        ; Successful - Mon Nov 25 19:00:19 2019       ;
; Quartus Prime Version              ; 18.0.0 Build 614 04/24/2018 SJ Lite Edition ;
; Revision Name                      ; msj_y_mem                                   ;
; Top-level Entity Name              ; msj_y_mem                                   ;
; Family                             ; Cyclone IV E                                ;
; Total logic elements               ; 32 / 6,272 ( < 1 % )                        ;
;     Total combinational functions  ; 30 / 6,272 ( < 1 % )                        ;
;     Dedicated logic registers      ; 6 / 6,272 ( < 1 % )                         ;
; Total registers                    ; 6                                           ;
; Total pins                         ; 16 / 92 ( 17 % )                            ;
; Total virtual pins                 ; 0                                           ;
; Total memory bits                  ; 1,792 / 276,480 ( < 1 % )                   ;
; Embedded Multiplier 9-bit elements ; 0 / 30 ( 0 % )                              ;
; Total PLLs                         ; 0 / 2 ( 0 % )                               ;
; Device                             ; EP4CE6E22C6                                 ;
; Timing Models                      ; Final                                       ;
+------------------------------------+---------------------------------------------+


+-----------------------------------------+
; Flow Settings                           ;
+-------------------+---------------------+
; Option            ; Setting             ;
+-------------------+---------------------+
; Start date & time ; 11/25/2019 18:59:57 ;
; Main task         ; Compilation         ;
; Revision Name     ; msj_y_mem           ;
+-------------------+---------------------+


+----------------------------------------------------------------------------------------------------------------------------------------------------------------------+
; Flow Non-Default Global Settings                                                                                                                                     ;
+--------------------------------------+--------------------------------------------------------------------------------+---------------+-------------+----------------+
; Assignment Name                      ; Value                                                                          ; Default Value ; Entity Name ; Section Id     ;
+--------------------------------------+--------------------------------------------------------------------------------+---------------+-------------+----------------+
; COMPILER_SIGNATURE_ID                ; 96760835516575.157471919712462                                                 ; --            ; --          ; --             ;
; EDA_DESIGN_INSTANCE_NAME             ; dut                                                                            ; --            ; --          ; TBmsj_y_mem    ;
; EDA_NATIVELINK_SIMULATION_TEST_BENCH ; TBmsj_y_mem                                                                    ; --            ; --          ; eda_simulation ;
; EDA_NETLIST_WRITER_OUTPUT_DIR        ; simulation/modelsim                                                            ; --            ; --          ; eda_simulation ;
; EDA_OUTPUT_DATA_FORMAT               ; Vhdl                                                                           ; --            ; --          ; eda_simulation ;
; EDA_SIMULATION_TOOL                  ; ModelSim-Altera (VHDL)                                                         ; <None>        ; --          ; --             ;
; EDA_TEST_BENCH_ENABLE_STATUS         ; TEST_BENCH_MODE                                                                ; --            ; --          ; eda_simulation ;
; EDA_TEST_BENCH_FILE                  ; ../../../../Escritorio/FPGA_Proyectos/Laboratorio_5/test_bench/TBmsj_y_mem.vhd ; --            ; --          ; TBmsj_y_mem    ;
; EDA_TEST_BENCH_MODULE_NAME           ; TBmsj_y_mem                                                                    ; --            ; --          ; TBmsj_y_mem    ;
; EDA_TEST_BENCH_NAME                  ; TBmsj_y_mem                                                                    ; --            ; --          ; eda_simulation ;
; EDA_TIME_SCALE                       ; 1 ps                                                                           ; --            ; --          ; eda_simulation ;
; PARTITION_COLOR                      ; -- (Not supported for targeted family)                                         ; --            ; --          ; Top            ;
; PARTITION_FITTER_PRESERVATION_LEVEL  ; -- (Not supported for targeted family)                                         ; --            ; --          ; Top            ;
; PARTITION_NETLIST_TYPE               ; -- (Not supported for targeted family)                                         ; --            ; --          ; Top            ;
; PROJECT_OUTPUT_DIRECTORY             ; output_files                                                                   ; --            ; --          ; --             ;
+--------------------------------------+--------------------------------------------------------------------------------+---------------+-------------+----------------+


+--------------------------------------------------------------------------------------------------------------------------+
; Flow Elapsed Time                                                                                                        ;
+----------------------+--------------+-------------------------+---------------------+------------------------------------+
; Module Name          ; Elapsed Time ; Average Processors Used ; Peak Virtual Memory ; Total CPU Time (on all processors) ;
+----------------------+--------------+-------------------------+---------------------+------------------------------------+
; Analysis & Synthesis ; 00:00:13     ; 1.0                     ; 998 MB              ; 00:00:30                           ;
; Fitter               ; 00:00:04     ; 1.0                     ; 1254 MB             ; 00:00:05                           ;
; Assembler            ; 00:00:00     ; 1.0                     ; 817 MB              ; 00:00:01                           ;
; Timing Analyzer      ; 00:00:01     ; 1.0                     ; 815 MB              ; 00:00:01                           ;
; EDA Netlist Writer   ; 00:00:01     ; 1.0                     ; 1051 MB             ; 00:00:01                           ;
; Total                ; 00:00:19     ; --                      ; --                  ; 00:00:38                           ;
+----------------------+--------------+-------------------------+---------------------+------------------------------------+


+----------------------------------------------------------------------------------------+
; Flow OS Summary                                                                        ;
+----------------------+------------------+----------------+------------+----------------+
; Module Name          ; Machine Hostname ; OS Name        ; OS Version ; Processor type ;
+----------------------+------------------+----------------+------------+----------------+
; Analysis & Synthesis ; julio-X556UAK    ; Ubuntu 16.04.6 ; 16         ; x86_64         ;
; Fitter               ; julio-X556UAK    ; Ubuntu 16.04.6 ; 16         ; x86_64         ;
; Assembler            ; julio-X556UAK    ; Ubuntu 16.04.6 ; 16         ; x86_64         ;
; Timing Analyzer      ; julio-X556UAK    ; Ubuntu 16.04.6 ; 16         ; x86_64         ;
; EDA Netlist Writer   ; julio-X556UAK    ; Ubuntu 16.04.6 ; 16         ; x86_64         ;
+----------------------+------------------+----------------+------------+----------------+


------------
; Flow Log ;
------------
quartus_map --read_settings_files=on --write_settings_files=off msj_y_mem -c msj_y_mem
quartus_fit --read_settings_files=off --write_settings_files=off msj_y_mem -c msj_y_mem
quartus_asm --read_settings_files=off --write_settings_files=off msj_y_mem -c msj_y_mem
quartus_sta msj_y_mem -c msj_y_mem
quartus_eda --read_settings_files=off --write_settings_files=off msj_y_mem -c msj_y_mem



