Analysis & Synthesis report for msj_y_mem
Mon Nov 25 19:00:09 2019
Quartus Prime Version 18.0.0 Build 614 04/24/2018 SJ Lite Edition


---------------------
; Table of Contents ;
---------------------
  1. Legal Notice
  2. Analysis & Synthesis Summary
  3. Analysis & Synthesis Settings
  4. Parallel Compilation
  5. Analysis & Synthesis Source Files Read
  6. Analysis & Synthesis Resource Usage Summary
  7. Analysis & Synthesis Resource Utilization by Entity
  8. Analysis & Synthesis RAM Summary
  9. State Machine - |msj_y_mem|mea_mem:d1|stac
 10. User-Specified and Inferred Latches
 11. Registers Removed During Synthesis
 12. General Register Statistics
 13. Registers Packed Into Inferred Megafunctions
 14. Source assignments for rom:d2|altsyncram:Mux6_rtl_0|altsyncram_m001:auto_generated
 15. Parameter Settings for User Entity Instance: rom:d2
 16. Parameter Settings for Inferred Entity Instance: rom:d2|altsyncram:Mux6_rtl_0
 17. altsyncram Parameter Settings by Entity Instance
 18. Post-Synthesis Netlist Statistics for Top Partition
 19. Elapsed Time Per Partition
 20. Analysis & Synthesis Messages



----------------
; Legal Notice ;
----------------
Copyright (C) 2018  Intel Corporation. All rights reserved.
Your use of Intel Corporation's design tools, logic functions 
and other software and tools, and its AMPP partner logic 
functions, and any output files from any of the foregoing 
(including device programming or simulation files), and any 
associated documentation or information are expressly subject 
to the terms and conditions of the Intel Program License 
Subscription Agreement, the Intel Quartus Prime License Agreement,
the Intel FPGA IP License Agreement, or other applicable license
agreement, including, without limitation, that your use is for
the sole purpose of programming logic devices manufactured by
Intel and sold by Intel or its authorized distributors.  Please
refer to the applicable agreement for further details.



+----------------------------------------------------------------------------------+
; Analysis & Synthesis Summary                                                     ;
+------------------------------------+---------------------------------------------+
; Analysis & Synthesis Status        ; Successful - Mon Nov 25 19:00:09 2019       ;
; Quartus Prime Version              ; 18.0.0 Build 614 04/24/2018 SJ Lite Edition ;
; Revision Name                      ; msj_y_mem                                   ;
; Top-level Entity Name              ; msj_y_mem                                   ;
; Family                             ; Cyclone IV E                                ;
; Total logic elements               ; 31                                          ;
;     Total combinational functions  ; 30                                          ;
;     Dedicated logic registers      ; 6                                           ;
; Total registers                    ; 6                                           ;
; Total pins                         ; 16                                          ;
; Total virtual pins                 ; 0                                           ;
; Total memory bits                  ; 1,792                                       ;
; Embedded Multiplier 9-bit elements ; 0                                           ;
; Total PLLs                         ; 0                                           ;
+------------------------------------+---------------------------------------------+


+------------------------------------------------------------------------------------------------------------+
; Analysis & Synthesis Settings                                                                              ;
+------------------------------------------------------------------+--------------------+--------------------+
; Option                                                           ; Setting            ; Default Value      ;
+------------------------------------------------------------------+--------------------+--------------------+
; Top-level entity name                                            ; msj_y_mem          ; msj_y_mem          ;
; Family name                                                      ; Cyclone IV E       ; Cyclone V          ;
; Use smart compilation                                            ; Off                ; Off                ;
; Enable parallel Assembler and Timing Analyzer during compilation ; On                 ; On                 ;
; Enable compact report table                                      ; Off                ; Off                ;
; Restructure Multiplexers                                         ; Auto               ; Auto               ;
; Create Debugging Nodes for IP Cores                              ; Off                ; Off                ;
; Preserve fewer node names                                        ; On                 ; On                 ;
; Intel FPGA IP Evaluation Mode                                    ; Enable             ; Enable             ;
; Verilog Version                                                  ; Verilog_2001       ; Verilog_2001       ;
; VHDL Version                                                     ; VHDL_1993          ; VHDL_1993          ;
; State Machine Processing                                         ; Auto               ; Auto               ;
; Safe State Machine                                               ; Off                ; Off                ;
; Extract Verilog State Machines                                   ; On                 ; On                 ;
; Extract VHDL State Machines                                      ; On                 ; On                 ;
; Ignore Verilog initial constructs                                ; Off                ; Off                ;
; Iteration limit for constant Verilog loops                       ; 5000               ; 5000               ;
; Iteration limit for non-constant Verilog loops                   ; 250                ; 250                ;
; Add Pass-Through Logic to Inferred RAMs                          ; On                 ; On                 ;
; Infer RAMs from Raw Logic                                        ; On                 ; On                 ;
; Parallel Synthesis                                               ; On                 ; On                 ;
; DSP Block Balancing                                              ; Auto               ; Auto               ;
; NOT Gate Push-Back                                               ; On                 ; On                 ;
; Power-Up Don't Care                                              ; On                 ; On                 ;
; Remove Redundant Logic Cells                                     ; Off                ; Off                ;
; Remove Duplicate Registers                                       ; On                 ; On                 ;
; Ignore CARRY Buffers                                             ; Off                ; Off                ;
; Ignore CASCADE Buffers                                           ; Off                ; Off                ;
; Ignore GLOBAL Buffers                                            ; Off                ; Off                ;
; Ignore ROW GLOBAL Buffers                                        ; Off                ; Off                ;
; Ignore LCELL Buffers                                             ; Off                ; Off                ;
; Ignore SOFT Buffers                                              ; On                 ; On                 ;
; Limit AHDL Integers to 32 Bits                                   ; Off                ; Off                ;
; Optimization Technique                                           ; Balanced           ; Balanced           ;
; Carry Chain Length                                               ; 70                 ; 70                 ;
; Auto Carry Chains                                                ; On                 ; On                 ;
; Auto Open-Drain Pins                                             ; On                 ; On                 ;
; Perform WYSIWYG Primitive Resynthesis                            ; Off                ; Off                ;
; Auto ROM Replacement                                             ; On                 ; On                 ;
; Auto RAM Replacement                                             ; On                 ; On                 ;
; Auto DSP Block Replacement                                       ; On                 ; On                 ;
; Auto Shift Register Replacement                                  ; Auto               ; Auto               ;
; Allow Shift Register Merging across Hierarchies                  ; Auto               ; Auto               ;
; Auto Clock Enable Replacement                                    ; On                 ; On                 ;
; Strict RAM Replacement                                           ; Off                ; Off                ;
; Allow Synchronous Control Signals                                ; On                 ; On                 ;
; Force Use of Synchronous Clear Signals                           ; Off                ; Off                ;
; Auto RAM Block Balancing                                         ; On                 ; On                 ;
; Auto RAM to Logic Cell Conversion                                ; Off                ; Off                ;
; Auto Resource Sharing                                            ; Off                ; Off                ;
; Allow Any RAM Size For Recognition                               ; Off                ; Off                ;
; Allow Any ROM Size For Recognition                               ; Off                ; Off                ;
; Allow Any Shift Register Size For Recognition                    ; Off                ; Off                ;
; Use LogicLock Constraints during Resource Balancing              ; On                 ; On                 ;
; Ignore translate_off and synthesis_off directives                ; Off                ; Off                ;
; Timing-Driven Synthesis                                          ; On                 ; On                 ;
; Report Parameter Settings                                        ; On                 ; On                 ;
; Report Source Assignments                                        ; On                 ; On                 ;
; Report Connectivity Checks                                       ; On                 ; On                 ;
; Ignore Maximum Fan-Out Assignments                               ; Off                ; Off                ;
; Synchronization Register Chain Length                            ; 2                  ; 2                  ;
; Power Optimization During Synthesis                              ; Normal compilation ; Normal compilation ;
; HDL message level                                                ; Level2             ; Level2             ;
; Suppress Register Optimization Related Messages                  ; Off                ; Off                ;
; Number of Removed Registers Reported in Synthesis Report         ; 5000               ; 5000               ;
; Number of Swept Nodes Reported in Synthesis Report               ; 5000               ; 5000               ;
; Number of Inverted Registers Reported in Synthesis Report        ; 100                ; 100                ;
; Clock MUX Protection                                             ; On                 ; On                 ;
; Auto Gated Clock Conversion                                      ; Off                ; Off                ;
; Block Design Naming                                              ; Auto               ; Auto               ;
; SDC constraint protection                                        ; Off                ; Off                ;
; Synthesis Effort                                                 ; Auto               ; Auto               ;
; Shift Register Replacement - Allow Asynchronous Clear Signal     ; On                 ; On                 ;
; Pre-Mapping Resynthesis Optimization                             ; Off                ; Off                ;
; Analysis & Synthesis Message Level                               ; Medium             ; Medium             ;
; Disable Register Merging Across Hierarchies                      ; Auto               ; Auto               ;
; Resource Aware Inference For Block RAM                           ; On                 ; On                 ;
+------------------------------------------------------------------+--------------------+--------------------+


+------------------------------------------+
; Parallel Compilation                     ;
+----------------------------+-------------+
; Processors                 ; Number      ;
+----------------------------+-------------+
; Number detected on machine ; 4           ;
; Maximum allowed            ; 2           ;
;                            ;             ;
; Average used               ; 1.00        ;
; Maximum used               ; 2           ;
;                            ;             ;
; Usage by Processor         ; % Time Used ;
;     Processor 1            ; 100.0%      ;
;     Processor 2            ;   0.0%      ;
+----------------------------+-------------+


+-------------------------------------------------------------------------------------------------------------------------------------------------------------------------------------+
; Analysis & Synthesis Source Files Read                                                                                                                                              ;
+----------------------------------+-----------------+------------------------------+---------------------------------------------------------------------------------------+---------+
; File Name with User-Entered Path ; Used in Netlist ; File Type                    ; File Name with Absolute Path                                                          ; Library ;
+----------------------------------+-----------------+------------------------------+---------------------------------------------------------------------------------------+---------+
; ../src/msj_y_mem.vhd             ; yes             ; User VHDL File               ; /home/julio/Escritorio/FPGA_Proyectos/Laboratorio_5/src/msj_y_mem.vhd                 ;         ;
; ../src/ROM.vhd                   ; yes             ; User VHDL File               ; /home/julio/Escritorio/FPGA_Proyectos/Laboratorio_5/src/ROM.vhd                       ;         ;
; ../src/mux_entradas.vhd          ; yes             ; User VHDL File               ; /home/julio/Escritorio/FPGA_Proyectos/Laboratorio_5/src/mux_entradas.vhd              ;         ;
; ../src/mea_mem.vhd               ; yes             ; User VHDL File               ; /home/julio/Escritorio/FPGA_Proyectos/Laboratorio_5/src/mea_mem.vhd                   ;         ;
; altsyncram.tdf                   ; yes             ; Megafunction                 ; /home/julio/intelFPGA_lite/18.0/quartus/libraries/megafunctions/altsyncram.tdf        ;         ;
; stratix_ram_block.inc            ; yes             ; Megafunction                 ; /home/julio/intelFPGA_lite/18.0/quartus/libraries/megafunctions/stratix_ram_block.inc ;         ;
; lpm_mux.inc                      ; yes             ; Megafunction                 ; /home/julio/intelFPGA_lite/18.0/quartus/libraries/megafunctions/lpm_mux.inc           ;         ;
; lpm_decode.inc                   ; yes             ; Megafunction                 ; /home/julio/intelFPGA_lite/18.0/quartus/libraries/megafunctions/lpm_decode.inc        ;         ;
; aglobal180.inc                   ; yes             ; Megafunction                 ; /home/julio/intelFPGA_lite/18.0/quartus/libraries/megafunctions/aglobal180.inc        ;         ;
; a_rdenreg.inc                    ; yes             ; Megafunction                 ; /home/julio/intelFPGA_lite/18.0/quartus/libraries/megafunctions/a_rdenreg.inc         ;         ;
; altrom.inc                       ; yes             ; Megafunction                 ; /home/julio/intelFPGA_lite/18.0/quartus/libraries/megafunctions/altrom.inc            ;         ;
; altram.inc                       ; yes             ; Megafunction                 ; /home/julio/intelFPGA_lite/18.0/quartus/libraries/megafunctions/altram.inc            ;         ;
; altdpram.inc                     ; yes             ; Megafunction                 ; /home/julio/intelFPGA_lite/18.0/quartus/libraries/megafunctions/altdpram.inc          ;         ;
; db/altsyncram_m001.tdf           ; yes             ; Auto-Generated Megafunction  ; /home/julio/Escritorio/FPGA_Proyectos/Laboratorio_5/msj_y_mem/db/altsyncram_m001.tdf  ;         ;
+----------------------------------+-----------------+------------------------------+---------------------------------------------------------------------------------------+---------+


+---------------------------------------------------------+
; Analysis & Synthesis Resource Usage Summary             ;
+---------------------------------------------+-----------+
; Resource                                    ; Usage     ;
+---------------------------------------------+-----------+
; Estimated Total logic elements              ; 31        ;
;                                             ;           ;
; Total combinational functions               ; 30        ;
; Logic element usage by number of LUT inputs ;           ;
;     -- 4 input functions                    ; 7         ;
;     -- 3 input functions                    ; 11        ;
;     -- <=2 input functions                  ; 12        ;
;                                             ;           ;
; Logic elements by mode                      ;           ;
;     -- normal mode                          ; 23        ;
;     -- arithmetic mode                      ; 7         ;
;                                             ;           ;
; Total registers                             ; 6         ;
;     -- Dedicated logic registers            ; 6         ;
;     -- I/O registers                        ; 0         ;
;                                             ;           ;
; I/O pins                                    ; 16        ;
; Total memory bits                           ; 1792      ;
;                                             ;           ;
; Embedded Multiplier 9-bit elements          ; 0         ;
;                                             ;           ;
; Maximum fan-out node                        ; clk~input ;
; Maximum fan-out                             ; 13        ;
; Total fan-out                               ; 188       ;
; Average fan-out                             ; 2.51      ;
+---------------------------------------------+-----------+


+--------------------------------------------------------------------------------------------------------------------------------------------------------------------------------------------------------------------------------------------------------------------------------+
; Analysis & Synthesis Resource Utilization by Entity                                                                                                                                                                                                                            ;
+-------------------------------------------+---------------------+---------------------------+-------------+--------------+---------+-----------+------+--------------+------------------------------------------------------------------------+-----------------+--------------+
; Compilation Hierarchy Node                ; Combinational ALUTs ; Dedicated Logic Registers ; Memory Bits ; DSP Elements ; DSP 9x9 ; DSP 18x18 ; Pins ; Virtual Pins ; Full Hierarchy Name                                                    ; Entity Name     ; Library Name ;
+-------------------------------------------+---------------------+---------------------------+-------------+--------------+---------+-----------+------+--------------+------------------------------------------------------------------------+-----------------+--------------+
; |msj_y_mem                                ; 30 (0)              ; 6 (0)                     ; 1792        ; 0            ; 0       ; 0         ; 16   ; 0            ; |msj_y_mem                                                             ; msj_y_mem       ; work         ;
;    |mea_mem:d1|                           ; 30 (30)             ; 6 (6)                     ; 0           ; 0            ; 0       ; 0         ; 0    ; 0            ; |msj_y_mem|mea_mem:d1                                                  ; mea_mem         ; work         ;
;    |rom:d2|                               ; 0 (0)               ; 0 (0)                     ; 1792        ; 0            ; 0       ; 0         ; 0    ; 0            ; |msj_y_mem|rom:d2                                                      ; rom             ; work         ;
;       |altsyncram:Mux6_rtl_0|             ; 0 (0)               ; 0 (0)                     ; 1792        ; 0            ; 0       ; 0         ; 0    ; 0            ; |msj_y_mem|rom:d2|altsyncram:Mux6_rtl_0                                ; altsyncram      ; work         ;
;          |altsyncram_m001:auto_generated| ; 0 (0)               ; 0 (0)                     ; 1792        ; 0            ; 0       ; 0         ; 0    ; 0            ; |msj_y_mem|rom:d2|altsyncram:Mux6_rtl_0|altsyncram_m001:auto_generated ; altsyncram_m001 ; work         ;
+-------------------------------------------+---------------------+---------------------------+-------------+--------------+---------+-----------+------+--------------+------------------------------------------------------------------------+-----------------+--------------+
Note: For table entries with two numbers listed, the numbers in parentheses indicate the number of resources of the given type used by the specific entity alone. The numbers listed outside of parentheses indicate the total resources of the given type used by the specific entity and all of its sub-entities in the hierarchy.


+----------------------------------------------------------------------------------------------------------------------------------------------------------------------------------------+
; Analysis & Synthesis RAM Summary                                                                                                                                                       ;
+------------------------------------------------------------------------+------+------+--------------+--------------+--------------+--------------+------+------------------------------+
; Name                                                                   ; Type ; Mode ; Port A Depth ; Port A Width ; Port B Depth ; Port B Width ; Size ; MIF                          ;
+------------------------------------------------------------------------+------+------+--------------+--------------+--------------+--------------+------+------------------------------+
; rom:d2|altsyncram:Mux6_rtl_0|altsyncram_m001:auto_generated|ALTSYNCRAM ; AUTO ; ROM  ; 256          ; 7            ; --           ; --           ; 1792 ; msj_y_mem.msj_y_mem0.rtl.mif ;
+------------------------------------------------------------------------+------+------+--------------+--------------+--------------+--------------+------+------------------------------+


Encoding Type:  One-Hot
+-------------------------------------------------------------------------------------+
; State Machine - |msj_y_mem|mea_mem:d1|stac                                          ;
+-----------------+-----------------+-------------+-----------+------------+----------+
; Name            ; stac.incremento ; stac.espera ; stac.send ; stac.asign ; stac.ini ;
+-----------------+-----------------+-------------+-----------+------------+----------+
; stac.ini        ; 0               ; 0           ; 0         ; 0          ; 0        ;
; stac.asign      ; 0               ; 0           ; 0         ; 1          ; 1        ;
; stac.send       ; 0               ; 0           ; 1         ; 0          ; 1        ;
; stac.espera     ; 0               ; 1           ; 0         ; 0          ; 1        ;
; stac.incremento ; 1               ; 0           ; 0         ; 0          ; 1        ;
+-----------------+-----------------+-------------+-----------+------------+----------+


+----------------------------------------------------------------------------------------------------+
; User-Specified and Inferred Latches                                                                ;
+----------------------------------------------------+----------------------+------------------------+
; Latch Name                                         ; Latch Enable Signal  ; Free of Timing Hazards ;
+----------------------------------------------------+----------------------+------------------------+
; mea_mem:d1|add_aux[0]                              ; mea_mem:d1|pxst.send ; yes                    ;
; mea_mem:d1|add_aux[1]                              ; mea_mem:d1|pxst.send ; yes                    ;
; mea_mem:d1|add_aux[2]                              ; mea_mem:d1|pxst.send ; yes                    ;
; mea_mem:d1|add_aux[3]                              ; mea_mem:d1|pxst.send ; yes                    ;
; mea_mem:d1|add_aux[4]                              ; mea_mem:d1|pxst.send ; yes                    ;
; mea_mem:d1|add_aux[5]                              ; mea_mem:d1|pxst.send ; yes                    ;
; mea_mem:d1|add_aux[6]                              ; mea_mem:d1|pxst.send ; yes                    ;
; mea_mem:d1|add_aux[7]                              ; mea_mem:d1|pxst.send ; yes                    ;
; Number of user-specified and inferred latches = 8  ;                      ;                        ;
+----------------------------------------------------+----------------------+------------------------+
Note: All latches listed above may not be present at the end of synthesis due to various synthesis optimizations.


+--------------------------------------------------------------------------------+
; Registers Removed During Synthesis                                             ;
+---------------------------------------+----------------------------------------+
; Register name                         ; Reason for Removal                     ;
+---------------------------------------+----------------------------------------+
; rom:d2|data_out[7]                    ; Stuck at GND due to stuck port data_in ;
; Total Number of Removed Registers = 1 ;                                        ;
+---------------------------------------+----------------------------------------+


+------------------------------------------------------+
; General Register Statistics                          ;
+----------------------------------------------+-------+
; Statistic                                    ; Value ;
+----------------------------------------------+-------+
; Total registers                              ; 6     ;
; Number of registers using Synchronous Clear  ; 0     ;
; Number of registers using Synchronous Load   ; 0     ;
; Number of registers using Asynchronous Clear ; 5     ;
; Number of registers using Asynchronous Load  ; 0     ;
; Number of registers using Clock Enable       ; 0     ;
; Number of registers using Preset             ; 0     ;
+----------------------------------------------+-------+


+--------------------------------------------------+
; Registers Packed Into Inferred Megafunctions     ;
+-----------------------+-------------------+------+
; Register Name         ; Megafunction      ; Type ;
+-----------------------+-------------------+------+
; rom:d2|data_out[0..6] ; rom:d2|Mux6_rtl_0 ; ROM  ;
+-----------------------+-------------------+------+


+------------------------------------------------------------------------------------+
; Source assignments for rom:d2|altsyncram:Mux6_rtl_0|altsyncram_m001:auto_generated ;
+---------------------------------+--------------------+------+----------------------+
; Assignment                      ; Value              ; From ; To                   ;
+---------------------------------+--------------------+------+----------------------+
; OPTIMIZE_POWER_DURING_SYNTHESIS ; NORMAL_COMPILATION ; -    ; -                    ;
+---------------------------------+--------------------+------+----------------------+


+-----------------------------------------------------+
; Parameter Settings for User Entity Instance: rom:d2 ;
+----------------+-------+----------------------------+
; Parameter Name ; Value ; Type                       ;
+----------------+-------+----------------------------+
; data_length    ; 8     ; Signed Integer             ;
; addr_length    ; 8     ; Signed Integer             ;
+----------------+-------+----------------------------+
Note: In order to hide this table in the UI and the text report file, please set the "Show Parameter Settings in Synthesis Report" option in "Analysis and Synthesis Settings -> More Settings" to "Off".


+------------------------------------------------------------------------------------+
; Parameter Settings for Inferred Entity Instance: rom:d2|altsyncram:Mux6_rtl_0      ;
+------------------------------------+------------------------------+----------------+
; Parameter Name                     ; Value                        ; Type           ;
+------------------------------------+------------------------------+----------------+
; BYTE_SIZE_BLOCK                    ; 8                            ; Untyped        ;
; AUTO_CARRY_CHAINS                  ; ON                           ; AUTO_CARRY     ;
; IGNORE_CARRY_BUFFERS               ; OFF                          ; IGNORE_CARRY   ;
; AUTO_CASCADE_CHAINS                ; ON                           ; AUTO_CASCADE   ;
; IGNORE_CASCADE_BUFFERS             ; OFF                          ; IGNORE_CASCADE ;
; WIDTH_BYTEENA                      ; 1                            ; Untyped        ;
; OPERATION_MODE                     ; ROM                          ; Untyped        ;
; WIDTH_A                            ; 7                            ; Untyped        ;
; WIDTHAD_A                          ; 8                            ; Untyped        ;
; NUMWORDS_A                         ; 256                          ; Untyped        ;
; OUTDATA_REG_A                      ; UNREGISTERED                 ; Untyped        ;
; ADDRESS_ACLR_A                     ; NONE                         ; Untyped        ;
; OUTDATA_ACLR_A                     ; NONE                         ; Untyped        ;
; WRCONTROL_ACLR_A                   ; NONE                         ; Untyped        ;
; INDATA_ACLR_A                      ; NONE                         ; Untyped        ;
; BYTEENA_ACLR_A                     ; NONE                         ; Untyped        ;
; WIDTH_B                            ; 1                            ; Untyped        ;
; WIDTHAD_B                          ; 1                            ; Untyped        ;
; NUMWORDS_B                         ; 1                            ; Untyped        ;
; INDATA_REG_B                       ; CLOCK1                       ; Untyped        ;
; WRCONTROL_WRADDRESS_REG_B          ; CLOCK1                       ; Untyped        ;
; RDCONTROL_REG_B                    ; CLOCK1                       ; Untyped        ;
; ADDRESS_REG_B                      ; CLOCK1                       ; Untyped        ;
; OUTDATA_REG_B                      ; UNREGISTERED                 ; Untyped        ;
; BYTEENA_REG_B                      ; CLOCK1                       ; Untyped        ;
; INDATA_ACLR_B                      ; NONE                         ; Untyped        ;
; WRCONTROL_ACLR_B                   ; NONE                         ; Untyped        ;
; ADDRESS_ACLR_B                     ; NONE                         ; Untyped        ;
; OUTDATA_ACLR_B                     ; NONE                         ; Untyped        ;
; RDCONTROL_ACLR_B                   ; NONE                         ; Untyped        ;
; BYTEENA_ACLR_B                     ; NONE                         ; Untyped        ;
; WIDTH_BYTEENA_A                    ; 1                            ; Untyped        ;
; WIDTH_BYTEENA_B                    ; 1                            ; Untyped        ;
; RAM_BLOCK_TYPE                     ; AUTO                         ; Untyped        ;
; BYTE_SIZE                          ; 8                            ; Untyped        ;
; READ_DURING_WRITE_MODE_MIXED_PORTS ; DONT_CARE                    ; Untyped        ;
; READ_DURING_WRITE_MODE_PORT_A      ; NEW_DATA_NO_NBE_READ         ; Untyped        ;
; READ_DURING_WRITE_MODE_PORT_B      ; NEW_DATA_NO_NBE_READ         ; Untyped        ;
; INIT_FILE                          ; msj_y_mem.msj_y_mem0.rtl.mif ; Untyped        ;
; INIT_FILE_LAYOUT                   ; PORT_A                       ; Untyped        ;
; MAXIMUM_DEPTH                      ; 0                            ; Untyped        ;
; CLOCK_ENABLE_INPUT_A               ; NORMAL                       ; Untyped        ;
; CLOCK_ENABLE_INPUT_B               ; NORMAL                       ; Untyped        ;
; CLOCK_ENABLE_OUTPUT_A              ; NORMAL                       ; Untyped        ;
; CLOCK_ENABLE_OUTPUT_B              ; NORMAL                       ; Untyped        ;
; CLOCK_ENABLE_CORE_A                ; USE_INPUT_CLKEN              ; Untyped        ;
; CLOCK_ENABLE_CORE_B                ; USE_INPUT_CLKEN              ; Untyped        ;
; ENABLE_ECC                         ; FALSE                        ; Untyped        ;
; ECC_PIPELINE_STAGE_ENABLED         ; FALSE                        ; Untyped        ;
; WIDTH_ECCSTATUS                    ; 3                            ; Untyped        ;
; DEVICE_FAMILY                      ; Cyclone IV E                 ; Untyped        ;
; CBXI_PARAMETER                     ; altsyncram_m001              ; Untyped        ;
+------------------------------------+------------------------------+----------------+
Note: In order to hide this table in the UI and the text report file, please set the "Show Parameter Settings in Synthesis Report" option in "Analysis and Synthesis Settings -> More Settings" to "Off".


+--------------------------------------------------------------------------+
; altsyncram Parameter Settings by Entity Instance                         ;
+-------------------------------------------+------------------------------+
; Name                                      ; Value                        ;
+-------------------------------------------+------------------------------+
; Number of entity instances                ; 1                            ;
; Entity Instance                           ; rom:d2|altsyncram:Mux6_rtl_0 ;
;     -- OPERATION_MODE                     ; ROM                          ;
;     -- WIDTH_A                            ; 7                            ;
;     -- NUMWORDS_A                         ; 256                          ;
;     -- OUTDATA_REG_A                      ; UNREGISTERED                 ;
;     -- WIDTH_B                            ; 1                            ;
;     -- NUMWORDS_B                         ; 1                            ;
;     -- ADDRESS_REG_B                      ; CLOCK1                       ;
;     -- OUTDATA_REG_B                      ; UNREGISTERED                 ;
;     -- RAM_BLOCK_TYPE                     ; AUTO                         ;
;     -- READ_DURING_WRITE_MODE_MIXED_PORTS ; DONT_CARE                    ;
+-------------------------------------------+------------------------------+


+-----------------------------------------------------+
; Post-Synthesis Netlist Statistics for Top Partition ;
+-----------------------+-----------------------------+
; Type                  ; Count                       ;
+-----------------------+-----------------------------+
; boundary_port         ; 16                          ;
; cycloneiii_ff         ; 6                           ;
;     CLR               ; 5                           ;
;     plain             ; 1                           ;
; cycloneiii_lcell_comb ; 31                          ;
;     arith             ; 7                           ;
;         2 data inputs ; 7                           ;
;     normal            ; 24                          ;
;         0 data inputs ; 1                           ;
;         1 data inputs ; 1                           ;
;         2 data inputs ; 4                           ;
;         3 data inputs ; 11                          ;
;         4 data inputs ; 7                           ;
; cycloneiii_ram_block  ; 7                           ;
;                       ;                             ;
; Max LUT depth         ; 2.00                        ;
; Average LUT depth     ; 1.44                        ;
+-----------------------+-----------------------------+


+-------------------------------+
; Elapsed Time Per Partition    ;
+----------------+--------------+
; Partition Name ; Elapsed Time ;
+----------------+--------------+
; Top            ; 00:00:00     ;
+----------------+--------------+


+-------------------------------+
; Analysis & Synthesis Messages ;
+-------------------------------+
Info: *******************************************************************
Info: Running Quartus Prime Analysis & Synthesis
    Info: Version 18.0.0 Build 614 04/24/2018 SJ Lite Edition
    Info: Processing started: Mon Nov 25 18:59:56 2019
Info: Command: quartus_map --read_settings_files=on --write_settings_files=off msj_y_mem -c msj_y_mem
Warning (18236): Number of processors has not been specified which may cause overloading on shared machines.  Set the global assignment NUM_PARALLEL_PROCESSORS in your QSF to an appropriate value for best performance.
Info (20030): Parallel compilation is enabled and will use 2 of the 2 processors detected
Info (12021): Found 2 design units, including 1 entities, in source file /home/julio/Escritorio/FPGA_Proyectos/Laboratorio_5/src/msj_y_mem.vhd
    Info (12022): Found design unit 1: msj_y_mem-bh File: /home/julio/Escritorio/FPGA_Proyectos/Laboratorio_5/src/msj_y_mem.vhd Line: 17
    Info (12023): Found entity 1: msj_y_mem File: /home/julio/Escritorio/FPGA_Proyectos/Laboratorio_5/src/msj_y_mem.vhd Line: 4
Info (12021): Found 2 design units, including 1 entities, in source file /home/julio/Escritorio/FPGA_Proyectos/Laboratorio_5/src/ROM.vhd
    Info (12022): Found design unit 1: rom-synth File: /home/julio/Escritorio/FPGA_Proyectos/Laboratorio_5/src/ROM.vhd Line: 18
    Info (12023): Found entity 1: rom File: /home/julio/Escritorio/FPGA_Proyectos/Laboratorio_5/src/ROM.vhd Line: 5
Info (12021): Found 2 design units, including 1 entities, in source file /home/julio/Escritorio/FPGA_Proyectos/Laboratorio_5/src/mux_entradas.vhd
    Info (12022): Found design unit 1: mux_entradas-bh File: /home/julio/Escritorio/FPGA_Proyectos/Laboratorio_5/src/mux_entradas.vhd Line: 12
    Info (12023): Found entity 1: mux_entradas File: /home/julio/Escritorio/FPGA_Proyectos/Laboratorio_5/src/mux_entradas.vhd Line: 5
Info (12021): Found 2 design units, including 1 entities, in source file /home/julio/Escritorio/FPGA_Proyectos/Laboratorio_5/src/mea_mem.vhd
    Info (12022): Found design unit 1: mea_mem-bh File: /home/julio/Escritorio/FPGA_Proyectos/Laboratorio_5/src/mea_mem.vhd Line: 23
    Info (12023): Found entity 1: mea_mem File: /home/julio/Escritorio/FPGA_Proyectos/Laboratorio_5/src/mea_mem.vhd Line: 10
Info (12021): Found 2 design units, including 1 entities, in source file /home/julio/Escritorio/FPGA_Proyectos/Laboratorio_5/test_bench/TBmsj_y_mem.vhd
    Info (12022): Found design unit 1: TBmsj_y_mem-bh File: /home/julio/Escritorio/FPGA_Proyectos/Laboratorio_5/test_bench/TBmsj_y_mem.vhd Line: 7
    Info (12023): Found entity 1: TBmsj_y_mem File: /home/julio/Escritorio/FPGA_Proyectos/Laboratorio_5/test_bench/TBmsj_y_mem.vhd Line: 4
Info (12127): Elaborating entity "msj_y_mem" for the top level hierarchy
Info (12128): Elaborating entity "mea_mem" for hierarchy "mea_mem:d1" File: /home/julio/Escritorio/FPGA_Proyectos/Laboratorio_5/src/msj_y_mem.vhd Line: 49
Warning (10492): VHDL Process Statement warning at mea_mem.vhd(54): signal "add_0" is read inside the Process Statement but isn't in the Process Statement's sensitivity list File: /home/julio/Escritorio/FPGA_Proyectos/Laboratorio_5/src/mea_mem.vhd Line: 54
Warning (10492): VHDL Process Statement warning at mea_mem.vhd(69): signal "add_aux" is read inside the Process Statement but isn't in the Process Statement's sensitivity list File: /home/julio/Escritorio/FPGA_Proyectos/Laboratorio_5/src/mea_mem.vhd Line: 69
Warning (10492): VHDL Process Statement warning at mea_mem.vhd(73): signal "add_aux" is read inside the Process Statement but isn't in the Process Statement's sensitivity list File: /home/julio/Escritorio/FPGA_Proyectos/Laboratorio_5/src/mea_mem.vhd Line: 73
Warning (10631): VHDL Process Statement warning at mea_mem.vhd(44): inferring latch(es) for signal or variable "add_aux", which holds its previous value in one or more paths through the process File: /home/julio/Escritorio/FPGA_Proyectos/Laboratorio_5/src/mea_mem.vhd Line: 44
Info (10041): Inferred latch for "add_aux[0]" at mea_mem.vhd(44) File: /home/julio/Escritorio/FPGA_Proyectos/Laboratorio_5/src/mea_mem.vhd Line: 44
Info (10041): Inferred latch for "add_aux[1]" at mea_mem.vhd(44) File: /home/julio/Escritorio/FPGA_Proyectos/Laboratorio_5/src/mea_mem.vhd Line: 44
Info (10041): Inferred latch for "add_aux[2]" at mea_mem.vhd(44) File: /home/julio/Escritorio/FPGA_Proyectos/Laboratorio_5/src/mea_mem.vhd Line: 44
Info (10041): Inferred latch for "add_aux[3]" at mea_mem.vhd(44) File: /home/julio/Escritorio/FPGA_Proyectos/Laboratorio_5/src/mea_mem.vhd Line: 44
Info (10041): Inferred latch for "add_aux[4]" at mea_mem.vhd(44) File: /home/julio/Escritorio/FPGA_Proyectos/Laboratorio_5/src/mea_mem.vhd Line: 44
Info (10041): Inferred latch for "add_aux[5]" at mea_mem.vhd(44) File: /home/julio/Escritorio/FPGA_Proyectos/Laboratorio_5/src/mea_mem.vhd Line: 44
Info (10041): Inferred latch for "add_aux[6]" at mea_mem.vhd(44) File: /home/julio/Escritorio/FPGA_Proyectos/Laboratorio_5/src/mea_mem.vhd Line: 44
Info (10041): Inferred latch for "add_aux[7]" at mea_mem.vhd(44) File: /home/julio/Escritorio/FPGA_Proyectos/Laboratorio_5/src/mea_mem.vhd Line: 44
Info (12128): Elaborating entity "rom" for hierarchy "rom:d2" File: /home/julio/Escritorio/FPGA_Proyectos/Laboratorio_5/src/msj_y_mem.vhd Line: 60
Info (12128): Elaborating entity "mux_entradas" for hierarchy "mux_entradas:d3" File: /home/julio/Escritorio/FPGA_Proyectos/Laboratorio_5/src/msj_y_mem.vhd Line: 66
Info (19000): Inferred 1 megafunctions from design logic
    Info (276031): Inferred altsyncram megafunction from the following design logic: "rom:d2|Mux6_rtl_0"
        Info (286033): Parameter OPERATION_MODE set to ROM
        Info (286033): Parameter WIDTH_A set to 7
        Info (286033): Parameter WIDTHAD_A set to 8
        Info (286033): Parameter NUMWORDS_A set to 256
        Info (286033): Parameter OUTDATA_REG_A set to UNREGISTERED
        Info (286033): Parameter RAM_BLOCK_TYPE set to AUTO
        Info (286033): Parameter INIT_FILE set to msj_y_mem.msj_y_mem0.rtl.mif
Info (12130): Elaborated megafunction instantiation "rom:d2|altsyncram:Mux6_rtl_0"
Info (12133): Instantiated megafunction "rom:d2|altsyncram:Mux6_rtl_0" with the following parameter:
    Info (12134): Parameter "OPERATION_MODE" = "ROM"
    Info (12134): Parameter "WIDTH_A" = "7"
    Info (12134): Parameter "WIDTHAD_A" = "8"
    Info (12134): Parameter "NUMWORDS_A" = "256"
    Info (12134): Parameter "OUTDATA_REG_A" = "UNREGISTERED"
    Info (12134): Parameter "RAM_BLOCK_TYPE" = "AUTO"
    Info (12134): Parameter "INIT_FILE" = "msj_y_mem.msj_y_mem0.rtl.mif"
Info (12021): Found 1 design units, including 1 entities, in source file db/altsyncram_m001.tdf
    Info (12023): Found entity 1: altsyncram_m001 File: /home/julio/Escritorio/FPGA_Proyectos/Laboratorio_5/msj_y_mem/db/altsyncram_m001.tdf Line: 27
Warning (13012): Latch mea_mem:d1|add_aux[0] has unsafe behavior File: /home/julio/Escritorio/FPGA_Proyectos/Laboratorio_5/src/mea_mem.vhd Line: 44
    Warning (13013): Ports D and ENA on the latch are fed by the same signal mea_mem:d1|stac.incremento File: /home/julio/Escritorio/FPGA_Proyectos/Laboratorio_5/src/mea_mem.vhd Line: 26
Warning (13012): Latch mea_mem:d1|add_aux[1] has unsafe behavior File: /home/julio/Escritorio/FPGA_Proyectos/Laboratorio_5/src/mea_mem.vhd Line: 44
    Warning (13013): Ports D and ENA on the latch are fed by the same signal mea_mem:d1|stac.incremento File: /home/julio/Escritorio/FPGA_Proyectos/Laboratorio_5/src/mea_mem.vhd Line: 26
Warning (13012): Latch mea_mem:d1|add_aux[2] has unsafe behavior File: /home/julio/Escritorio/FPGA_Proyectos/Laboratorio_5/src/mea_mem.vhd Line: 44
    Warning (13013): Ports D and ENA on the latch are fed by the same signal mea_mem:d1|stac.incremento File: /home/julio/Escritorio/FPGA_Proyectos/Laboratorio_5/src/mea_mem.vhd Line: 26
Warning (13012): Latch mea_mem:d1|add_aux[3] has unsafe behavior File: /home/julio/Escritorio/FPGA_Proyectos/Laboratorio_5/src/mea_mem.vhd Line: 44
    Warning (13013): Ports D and ENA on the latch are fed by the same signal mea_mem:d1|stac.incremento File: /home/julio/Escritorio/FPGA_Proyectos/Laboratorio_5/src/mea_mem.vhd Line: 26
Warning (13012): Latch mea_mem:d1|add_aux[4] has unsafe behavior File: /home/julio/Escritorio/FPGA_Proyectos/Laboratorio_5/src/mea_mem.vhd Line: 44
    Warning (13013): Ports D and ENA on the latch are fed by the same signal mea_mem:d1|stac.incremento File: /home/julio/Escritorio/FPGA_Proyectos/Laboratorio_5/src/mea_mem.vhd Line: 26
Warning (13012): Latch mea_mem:d1|add_aux[5] has unsafe behavior File: /home/julio/Escritorio/FPGA_Proyectos/Laboratorio_5/src/mea_mem.vhd Line: 44
    Warning (13013): Ports D and ENA on the latch are fed by the same signal mea_mem:d1|stac.incremento File: /home/julio/Escritorio/FPGA_Proyectos/Laboratorio_5/src/mea_mem.vhd Line: 26
Warning (13012): Latch mea_mem:d1|add_aux[6] has unsafe behavior File: /home/julio/Escritorio/FPGA_Proyectos/Laboratorio_5/src/mea_mem.vhd Line: 44
    Warning (13013): Ports D and ENA on the latch are fed by the same signal mea_mem:d1|stac.incremento File: /home/julio/Escritorio/FPGA_Proyectos/Laboratorio_5/src/mea_mem.vhd Line: 26
Warning (13012): Latch mea_mem:d1|add_aux[7] has unsafe behavior File: /home/julio/Escritorio/FPGA_Proyectos/Laboratorio_5/src/mea_mem.vhd Line: 44
    Warning (13013): Ports D and ENA on the latch are fed by the same signal mea_mem:d1|stac.incremento File: /home/julio/Escritorio/FPGA_Proyectos/Laboratorio_5/src/mea_mem.vhd Line: 26
Warning (13024): Output pins are stuck at VCC or GND
    Warning (13410): Pin "msj_out[7]" is stuck at GND File: /home/julio/Escritorio/FPGA_Proyectos/Laboratorio_5/src/msj_y_mem.vhd Line: 10
Info (286030): Timing-Driven Synthesis is running
Info (16010): Generating hard_block partition "hard_block:auto_generated_inst"
    Info (16011): Adding 0 node(s), including 0 DDIO, 0 PLL, 0 transceiver and 0 LCELL
Info (21057): Implemented 55 device resources after synthesis - the final resource count might be different
    Info (21058): Implemented 7 input pins
    Info (21059): Implemented 9 output pins
    Info (21061): Implemented 32 logic cells
    Info (21064): Implemented 7 RAM segments
Info: Quartus Prime Analysis & Synthesis was successful. 0 errors, 23 warnings
    Info: Peak virtual memory: 999 megabytes
    Info: Processing ended: Mon Nov 25 19:00:09 2019
    Info: Elapsed time: 00:00:13
    Info: Total CPU time (on all processors): 00:00:30


