Flow report for reg_desplazamiento
Mon Nov 11 15:08:09 2019
Quartus Prime Version 18.0.0 Build 614 04/24/2018 SJ Lite Edition


---------------------
; Table of Contents ;
---------------------
  1. Legal Notice
  2. Flow Summary
  3. Flow Settings
  4. Flow Non-Default Global Settings
  5. Flow Elapsed Time
  6. Flow OS Summary
  7. Flow Log
  8. Flow Messages
  9. Flow Suppressed Messages



----------------
; Legal Notice ;
----------------
Copyright (C) 2018  Intel Corporation. All rights reserved.
Your use of Intel Corporation's design tools, logic functions 
and other software and tools, and its AMPP partner logic 
functions, and any output files from any of the foregoing 
(including device programming or simulation files), and any 
associated documentation or information are expressly subject 
to the terms and conditions of the Intel Program License 
Subscription Agreement, the Intel Quartus Prime License Agreement,
the Intel FPGA IP License Agreement, or other applicable license
agreement, including, without limitation, that your use is for
the sole purpose of programming logic devices manufactured by
Intel and sold by Intel or its authorized distributors.  Please
refer to the applicable agreement for further details.



+----------------------------------------------------------------------------------+
; Flow Summary                                                                     ;
+------------------------------------+---------------------------------------------+
; Flow Status                        ; Successful - Mon Nov 11 15:08:09 2019       ;
; Quartus Prime Version              ; 18.0.0 Build 614 04/24/2018 SJ Lite Edition ;
; Revision Name                      ; reg_desplazamiento                          ;
; Top-level Entity Name              ; reg_desplazamiento                          ;
; Family                             ; Cyclone IV E                                ;
; Total logic elements               ; 15 / 6,272 ( < 1 % )                        ;
;     Total combinational functions  ; 15 / 6,272 ( < 1 % )                        ;
;     Dedicated logic registers      ; 11 / 6,272 ( < 1 % )                        ;
; Total registers                    ; 11                                          ;
; Total pins                         ; 17 / 92 ( 18 % )                            ;
; Total virtual pins                 ; 0                                           ;
; Total memory bits                  ; 0 / 276,480 ( 0 % )                         ;
; Embedded Multiplier 9-bit elements ; 0 / 30 ( 0 % )                              ;
; Total PLLs                         ; 0 / 2 ( 0 % )                               ;
; Device                             ; EP4CE6E22C6                                 ;
; Timing Models                      ; Final                                       ;
+------------------------------------+---------------------------------------------+


+-----------------------------------------+
; Flow Settings                           ;
+-------------------+---------------------+
; Option            ; Setting             ;
+-------------------+---------------------+
; Start date & time ; 11/11/2019 15:07:26 ;
; Main task         ; Compilation         ;
; Revision Name     ; reg_desplazamiento  ;
+-------------------+---------------------+


+-------------------------------------------------------------------------------------------------------------------------------------------------------------------------------------+
; Flow Non-Default Global Settings                                                                                                                                                    ;
+--------------------------------------+-----------------------------------------------------------------------------------------+---------------+-------------+----------------------+
; Assignment Name                      ; Value                                                                                   ; Default Value ; Entity Name ; Section Id           ;
+--------------------------------------+-----------------------------------------------------------------------------------------+---------------+-------------+----------------------+
; COMPILER_SIGNATURE_ID                ; 96760835516575.157349564604212                                                          ; --            ; --          ; --                   ;
; EDA_DESIGN_INSTANCE_NAME             ; dut                                                                                     ; --            ; --          ; TBreg_desplazamiento ;
; EDA_NATIVELINK_SIMULATION_TEST_BENCH ; TBreg_desplazamiento                                                                    ; --            ; --          ; eda_simulation       ;
; EDA_NETLIST_WRITER_OUTPUT_DIR        ; simulation/modelsim                                                                     ; --            ; --          ; eda_simulation       ;
; EDA_OUTPUT_DATA_FORMAT               ; Vhdl                                                                                    ; --            ; --          ; eda_simulation       ;
; EDA_SIMULATION_TOOL                  ; ModelSim-Altera (VHDL)                                                                  ; <None>        ; --          ; --                   ;
; EDA_TEST_BENCH_ENABLE_STATUS         ; TEST_BENCH_MODE                                                                         ; --            ; --          ; eda_simulation       ;
; EDA_TEST_BENCH_FILE                  ; ../../../../Escritorio/FPGA_Proyectos/laboratorio_5/test_bench/TBreg_desplazamiento.vhd ; --            ; --          ; TBreg_desplazamiento ;
; EDA_TEST_BENCH_MODULE_NAME           ; TBreg_desplazamiento                                                                    ; --            ; --          ; TBreg_desplazamiento ;
; EDA_TEST_BENCH_NAME                  ; TBreg_desplazamiento                                                                    ; --            ; --          ; eda_simulation       ;
; EDA_TIME_SCALE                       ; 1 ps                                                                                    ; --            ; --          ; eda_simulation       ;
; PARTITION_COLOR                      ; -- (Not supported for targeted family)                                                  ; --            ; --          ; Top                  ;
; PARTITION_FITTER_PRESERVATION_LEVEL  ; -- (Not supported for targeted family)                                                  ; --            ; --          ; Top                  ;
; PARTITION_NETLIST_TYPE               ; -- (Not supported for targeted family)                                                  ; --            ; --          ; Top                  ;
; PROJECT_OUTPUT_DIRECTORY             ; output_files                                                                            ; --            ; --          ; --                   ;
+--------------------------------------+-----------------------------------------------------------------------------------------+---------------+-------------+----------------------+


+--------------------------------------------------------------------------------------------------------------------------+
; Flow Elapsed Time                                                                                                        ;
+----------------------+--------------+-------------------------+---------------------+------------------------------------+
; Module Name          ; Elapsed Time ; Average Processors Used ; Peak Virtual Memory ; Total CPU Time (on all processors) ;
+----------------------+--------------+-------------------------+---------------------+------------------------------------+
; Analysis & Synthesis ; 00:00:28     ; 1.0                     ; 961 MB              ; 00:00:42                           ;
; Fitter               ; 00:00:07     ; 1.0                     ; 1244 MB             ; 00:00:07                           ;
; Assembler            ; 00:00:02     ; 1.0                     ; 817 MB              ; 00:00:01                           ;
; Timing Analyzer      ; 00:00:02     ; 1.0                     ; 823 MB              ; 00:00:02                           ;
; EDA Netlist Writer   ; 00:00:01     ; 1.0                     ; 1053 MB             ; 00:00:01                           ;
; Total                ; 00:00:40     ; --                      ; --                  ; 00:00:53                           ;
+----------------------+--------------+-------------------------+---------------------+------------------------------------+


+----------------------------------------------------------------------------------------+
; Flow OS Summary                                                                        ;
+----------------------+------------------+----------------+------------+----------------+
; Module Name          ; Machine Hostname ; OS Name        ; OS Version ; Processor type ;
+----------------------+------------------+----------------+------------+----------------+
; Analysis & Synthesis ; julio-X556UAK    ; Ubuntu 16.04.6 ; 16         ; x86_64         ;
; Fitter               ; julio-X556UAK    ; Ubuntu 16.04.6 ; 16         ; x86_64         ;
; Assembler            ; julio-X556UAK    ; Ubuntu 16.04.6 ; 16         ; x86_64         ;
; Timing Analyzer      ; julio-X556UAK    ; Ubuntu 16.04.6 ; 16         ; x86_64         ;
; EDA Netlist Writer   ; julio-X556UAK    ; Ubuntu 16.04.6 ; 16         ; x86_64         ;
+----------------------+------------------+----------------+------------+----------------+


------------
; Flow Log ;
------------
quartus_map --read_settings_files=on --write_settings_files=off reg_desplazamiento -c reg_desplazamiento
quartus_fit --read_settings_files=off --write_settings_files=off reg_desplazamiento -c reg_desplazamiento
quartus_asm --read_settings_files=off --write_settings_files=off reg_desplazamiento -c reg_desplazamiento
quartus_sta reg_desplazamiento -c reg_desplazamiento
quartus_eda --read_settings_files=off --write_settings_files=off reg_desplazamiento -c reg_desplazamiento



